2021-12-03 17:00:05.530977828000 [116577(ThreadId 37)] ERROR APP - start debugging failed. user error (ExecResult not found.) : Left "user error (ExecResult not found.)"
2021-12-03 17:01:16.081506093000 [116872(ThreadId 37)] ERROR APP - start debugging failed. user error (ExecResult not found.) : Left "user error (ExecResult not found.)"
2021-12-03 17:01:25.561138392000 [117064(ThreadId 37)] ERROR APP - start debugging failed. user error (ExecResult not found.) : Left "user error (ExecResult not found.)"
2021-12-03 17:02:25.216201004000 [117369(ThreadId 37)] ERROR APP - start debugging failed. user error (ExecResult not found.) : Left "user error (ExecResult not found.)"
2021-12-03 17:03:24.717865518000 [117820(ThreadId 37)] ERROR APP - user error (variable id:10 not found.)
2021-12-03 17:03:54.980852672000 [117820(ThreadId 36)] WARNING REQUEST - unsupported request command. {"command":"stepOut","arguments":{"threadId":0},"type":"request","seq":46}
2021-12-03 17:03:55.947799222000 [117820(ThreadId 36)] WARNING REQUEST - unsupported request command. {"command":"stepOut","arguments":{"threadId":0},"type":"request","seq":47}
2021-12-03 17:04:00.949760182000 [117820(ThreadId 36)] WARNING REQUEST - unsupported request command. {"command":"stepOut","arguments":{"threadId":0},"type":"request","seq":48}
2021-12-03 17:04:01.760615893000 [117820(ThreadId 36)] WARNING REQUEST - unsupported request command. {"command":"stepOut","arguments":{"threadId":0},"type":"request","seq":49}
2021-12-03 17:29:57.144347555000 [122803(ThreadId 37)] CRITICAL APP - invalid dap result from ghci. ["","<interactive>:56:1: warning: [-Wtype-defaults]","    \8226 Defaulting the following constraints to type \8216()\8217","        (Show b0) arising from a use of \8216print\8217 at <interactive>:56:1-6","        (Read b0) arising from a use of \8216it\8217 at <interactive>:56:1-6","    \8226 In a stmt of an interactive GHCi command: print it","[[<<DAP>>Left \"Prelude.read: no parse\"","H>>= "]
2021-12-03 17:31:26.249606709000 [123440(ThreadId 36)] WARNING REQUEST - unsupported request command. {"command":"stepOut","arguments":{"threadId":0},"type":"request","seq":22}
2021-12-03 17:31:27.843385614000 [123440(ThreadId 36)] WARNING REQUEST - unsupported request command. {"command":"stepOut","arguments":{"threadId":0},"type":"request","seq":29}
2021-12-03 17:31:32.655847214000 [123440(ThreadId 36)] WARNING REQUEST - unsupported request command. {"command":"stepOut","arguments":{"threadId":0},"type":"request","seq":41}
2021-12-03 17:31:37.861594914000 [123440(ThreadId 37)] ERROR APP - user error (no stacktrace found.)
2021-12-03 17:31:37.907033344000 [123440(ThreadId 37)] ERROR APP - user error (no stacktrace found.)
2021-12-03 17:31:37.995517028000 [123440(ThreadId 37)] ERROR APP - user error (ExecResult not found.)
2021-12-03 17:40:08.522458339000 [125428(ThreadId 37)] ERROR APP - user error (<getModule> loaded module can not find from path. </home/edmund/.local/src/advent/2021/src/Day3/part2.hs> [("Day3.BinaryDiagnostics","/home/edmund/.local/src/advent/2021/src/Day3/BinaryDiagnostics.hs")])
2021-12-03 17:40:08.531545522000 [125428(ThreadId 37)] ERROR APP - start debugging failed. user error (ExecResult not found.) : Left "user error (ExecResult not found.)"
2021-12-03 17:40:14.049014319000 [125637(ThreadId 37)] ERROR APP - user error (<getModule> loaded module can not find from path. </home/edmund/.local/src/advent/2021/src/Day3/part2.hs> [("Day3.BinaryDiagnostics","/home/edmund/.local/src/advent/2021/src/Day3/BinaryDiagnostics.hs")])
2021-12-03 17:40:14.057026883000 [125637(ThreadId 37)] ERROR APP - start debugging failed. user error (ExecResult not found.) : Left "user error (ExecResult not found.)"
2021-12-03 17:43:09.514774198000 [126564(ThreadId 36)] CRITICAL REQUEST - invalid HANDLE. eof.
2021-12-04 14:58:53.197155805000 [21421(ThreadId 37)] ERROR APP - start debugging failed. user error (ExecResult not found.) : Left "user error (ExecResult not found.)"
2021-12-04 14:59:24.405157639000 [21645(ThreadId 37)] ERROR APP - user error (no stacktrace found.)
2021-12-04 14:59:24.455192069000 [21645(ThreadId 37)] ERROR APP - user error (no stacktrace found.)
2021-12-04 14:59:40.197350876000 [21645(ThreadId 37)] ERROR APP - user error (ExecResult not found.)
2021-12-04 15:02:43.024831108000 [22046(ThreadId 37)] ERROR APP - user error (variable id:10 not found.)
2021-12-04 15:11:00.674232332000 [24042(ThreadId 37)] ERROR APP - user error (<getModule> loaded module can not find from path. </home/edmund/.local/src/advent/2021/src/Day4/part1.hs> [("Day4.Bingo","/home/edmund/.local/src/advent/2021/src/Day4/Bingo.hs")])
2021-12-04 15:11:00.690081158000 [24042(ThreadId 37)] ERROR APP - start debugging failed. user error (ExecResult not found.) : Left "user error (ExecResult not found.)"
2021-12-04 15:11:20.725737244000 [24274(ThreadId 37)] ERROR APP - user error (<getModule> loaded module can not find from path. </home/edmund/.local/src/advent/2021/src/Day4/part1.hs> [("Day4.Bingo","/home/edmund/.local/src/advent/2021/src/Day4/Bingo.hs")])
2021-12-04 15:11:20.735616243000 [24274(ThreadId 37)] ERROR APP - start debugging failed. user error (ExecResult not found.) : Left "user error (ExecResult not found.)"
2021-12-04 15:15:48.739778194000 [25042(ThreadId 37)] ERROR APP - user error (no stacktrace found.)
2021-12-04 15:15:48.830736108000 [25042(ThreadId 37)] ERROR APP - user error (no stacktrace found.)
2021-12-04 15:15:50.786817486000 [25042(ThreadId 37)] ERROR APP - user error (ExecResult not found.)
2021-12-04 15:18:43.554644979000 [25586(ThreadId 37)] CRITICAL APP - invalid dap result from ghci. ["","<interactive>:49:1: warning: [-Wtype-defaults]","    \8226 Defaulting the following constraints to type \8216()\8217","        (Show b0) arising from a use of \8216print\8217 at <interactive>:49:1-70","        (Read b0) arising from a use of \8216it\8217 at <interactive>:49:1-70","    \8226 In a stmt of an interactive GHCi command: print it","[[[<<DAP>>Left \"Prelude.read: no parse\"","H>>= "]
2021-12-04 15:18:54.165283384000 [25890(ThreadId 37)] CRITICAL APP - invalid dap result from ghci. ["","<interactive>:13:1: warning: [-Wtype-defaults]","    \8226 Defaulting the following constraints to type \8216()\8217","        (Show b0) arising from a use of \8216print\8217 at <interactive>:13:1-70","        (Read b0) arising from a use of \8216it\8217 at <interactive>:13:1-70","    \8226 In a stmt of an interactive GHCi command: print it","[[[<<DAP>>Left \"Prelude.read: no parse\"","H>>= "]
2021-12-04 15:53:08.764916920000 [46253(ThreadId 37)] ERROR APP - start debugging failed. user error (ExecResult not found.) : Left "user error (ExecResult not found.)"
2021-12-04 15:55:12.776986797000 [46608(ThreadId 36)] CRITICAL REQUEST - invalid HANDLE. eof.
2021-12-04 16:00:37.278890969000 [48182(ThreadId 37)] ERROR APP - user error (<getModule> loaded module can not find from path. </home/edmund/.local/src/advent/2021/src/Day4/part1.hs> [("Day4.Bingo","/home/edmund/.local/src/advent/2021/src/Day4/Bingo.hs")])
2021-12-04 16:00:37.301937995000 [48182(ThreadId 37)] ERROR APP - start debugging failed. user error (ExecResult not found.) : Left "user error (ExecResult not found.)"
2021-12-04 16:01:47.530999772000 [48430(ThreadId 37)] ERROR APP - user error (ExecResult not found.)
2021-12-04 16:01:47.583130352000 [48430(ThreadId 37)] ERROR APP - user error (no stacktrace found.)
2021-12-04 16:01:47.614898566000 [48430(ThreadId 37)] ERROR APP - user error (no stacktrace found.)
2021-12-04 16:01:51.578292151000 [48430(ThreadId 37)] ERROR APP - user error (ExecResult not found.)
2021-12-04 16:08:26.134674676000 [50763(ThreadId 37)] ERROR APP - user error (ExecResult not found.)
2021-12-04 16:08:26.158975022000 [50763(ThreadId 37)] ERROR APP - user error (no stacktrace found.)
2021-12-04 16:08:26.191380485000 [50763(ThreadId 37)] ERROR APP - user error (no stacktrace found.)
2021-12-04 16:08:32.321206179000 [50763(ThreadId 37)] ERROR APP - user error (ExecResult not found.)
2021-12-04 16:09:19.892072438000 [51287(ThreadId 37)] CRITICAL APP - invalid dap result from ghci. ["2 2 \"concat . transpose . map (evalState $ mapM playBingo balls) $ \"","\"boards\"","\"bool\"","H>>= "]
2021-12-05 20:28:23.346997148000 [37474(ThreadId 36)] WARNING REQUEST - unsupported request command. {"command":"stepOut","arguments":{"threadId":0},"type":"request","seq":290}
2021-12-08 14:31:32.409822056000 [360934(ThreadId 37)] ERROR APP - user error (<getModule> loaded module can not find from path. </home/edmund/.local/src/advent/2021/src/Day6/Lanternfish.hs> [("Main","/home/edmund/.local/src/advent/2021/src/Day7/part1.hs")])
2021-12-08 14:33:03.723902950000 [363646(ThreadId 37)] ERROR APP - user error (<getModule> loaded module can not find from path. </home/edmund/.local/src/advent/2021/src/Day6/Lanternfish.hs> [("Main","/home/edmund/.local/src/advent/2021/src/Day7/part1.hs")])
2021-12-08 14:33:48.406905113000 [364949(ThreadId 37)] ERROR APP - user error (<getModule> loaded module can not find from path. </home/edmund/.local/src/advent/2021/src/Day6/Lanternfish.hs> [("Main","/home/edmund/.local/src/advent/2021/src/Day7/part1.hs")])
2021-12-09 15:07:55.638946265000 [52370(ThreadId 37)] ERROR APP - user error (<getModule> loaded module can not find from path. </home/edmund/.local/src/advent/2021/src/Day6/Lanternfish.hs> [("Main","/home/edmund/.local/src/advent/2021/src/Day8/part1.hs")])
2021-12-09 15:08:30.571785831000 [52706(ThreadId 37)] ERROR APP - user error (<getModule> loaded module can not find from path. </home/edmund/.local/src/advent/2021/src/Day6/Lanternfish.hs> [("Main","/home/edmund/.local/src/advent/2021/src/Day8/part1.hs")])
2021-12-09 15:09:21.657521468000 [53013(ThreadId 37)] ERROR APP - user error (<getModule> loaded module can not find from path. </home/edmund/.local/src/advent/2021/src/Day6/Lanternfish.hs> [("Main","/home/edmund/.local/src/advent/2021/src/Day8/part1.hs")])
2021-12-09 15:09:38.368344657000 [53249(ThreadId 37)] ERROR APP - user error (<getModule> loaded module can not find from path. </home/edmund/.local/src/advent/2021/src/Day6/Lanternfish.hs> [("Main","/home/edmund/.local/src/advent/2021/src/Day8/part1.hs")])
2021-12-09 15:29:52.297399949000 [57945(ThreadId 37)] ERROR APP - user error (<getModule> loaded module can not find from path. </home/edmund/.local/src/advent/2021/src/Day6/Lanternfish.hs> [("Main","/home/edmund/.local/src/advent/2021/src/Day8/part1.hs")])
2021-12-09 15:31:24.816118711000 [58387(ThreadId 37)] ERROR APP - user error (<getModule> loaded module can not find from path. </home/edmund/.local/src/advent/2021/src/Day6/Lanternfish.hs> [("Main","/home/edmund/.local/src/advent/2021/src/Day8/part1.hs")])
2021-12-09 15:37:28.635772809000 [59964(ThreadId 37)] ERROR APP - user error (<getModule> loaded module can not find from path. </home/edmund/.local/src/advent/2021/src/Day6/Lanternfish.hs> [])
2021-12-09 15:37:28.653125356000 [59964(ThreadId 37)] ERROR APP - user error (<getModule> loaded module can not find from path. </home/edmund/.local/src/advent/2021/src/Day8/part1.hs> [])
2021-12-09 15:37:28.656790884000 [59964(ThreadId 37)] ERROR APP - start debugging failed. user error (ExecResult not found.) : Left "user error (ExecResult not found.)"
2021-12-09 15:37:56.575617376000 [60245(ThreadId 37)] ERROR APP - user error (<getModule> loaded module can not find from path. </home/edmund/.local/src/advent/2021/src/Day6/Lanternfish.hs> [])
2021-12-09 15:37:56.584246951000 [60245(ThreadId 37)] ERROR APP - user error (<getModule> loaded module can not find from path. </home/edmund/.local/src/advent/2021/src/Day8/part1.hs> [])
2021-12-09 15:37:56.588119651000 [60245(ThreadId 37)] ERROR APP - start debugging failed. user error (ExecResult not found.) : Left "user error (ExecResult not found.)"
2021-12-09 15:39:57.029856884000 [60801(ThreadId 37)] ERROR APP - user error (<getModule> loaded module can not find from path. </home/edmund/.local/src/advent/2021/src/Day6/Lanternfish.hs> [("Main","/home/edmund/.local/src/advent/2021/src/Day8/part1.hs")])
2021-12-09 15:41:01.614415673000 [61102(ThreadId 37)] ERROR APP - user error (<getModule> loaded module can not find from path. </home/edmund/.local/src/advent/2021/src/Day6/Lanternfish.hs> [("Main","/home/edmund/.local/src/advent/2021/src/Day8/part1.hs")])
2021-12-09 15:47:32.428628816000 [62602(ThreadId 37)] ERROR APP - user error (<getModule> loaded module can not find from path. </home/edmund/.local/src/advent/2021/src/Day6/Lanternfish.hs> [("Main","/home/edmund/.local/src/advent/2021/src/Day8/part1.hs")])
2021-12-09 15:48:12.409466508000 [62900(ThreadId 37)] ERROR APP - user error (<getModule> loaded module can not find from path. </home/edmund/.local/src/advent/2021/src/Day6/Lanternfish.hs> [("Main","/home/edmund/.local/src/advent/2021/src/Day8/part1.hs")])
2021-12-09 15:48:39.242027912000 [63163(ThreadId 37)] ERROR APP - user error (<getModule> loaded module can not find from path. </home/edmund/.local/src/advent/2021/src/Day6/Lanternfish.hs> [("Main","/home/edmund/.local/src/advent/2021/src/Day8/part1.hs")])
2021-12-09 15:49:20.526049632000 [63475(ThreadId 37)] ERROR APP - user error (<getModule> loaded module can not find from path. </home/edmund/.local/src/advent/2021/src/Day6/Lanternfish.hs> [("Main","/home/edmund/.local/src/advent/2021/src/Day8/part1.hs")])
2021-12-09 15:50:40.423829834000 [63880(ThreadId 37)] ERROR APP - user error (<getModule> loaded module can not find from path. </home/edmund/.local/src/advent/2021/src/Day6/Lanternfish.hs> [("Main","/home/edmund/.local/src/advent/2021/src/Day8/part1.hs")])
2021-12-09 15:52:23.743943249000 [64317(ThreadId 37)] ERROR APP - user error (<getModule> loaded module can not find from path. </home/edmund/.local/src/advent/2021/src/Day6/Lanternfish.hs> [("Main","/home/edmund/.local/src/advent/2021/src/Day8/part1.hs")])
2021-12-09 15:52:40.632275612000 [64317(ThreadId 36)] WARNING REQUEST - unsupported request command. {"command":"stepOut","arguments":{"threadId":0},"type":"request","seq":21}
2021-12-09 15:53:26.417175695000 [64630(ThreadId 37)] ERROR APP - user error (<getModule> loaded module can not find from path. </home/edmund/.local/src/advent/2021/src/Day6/Lanternfish.hs> [("Main","/home/edmund/.local/src/advent/2021/src/Day8/part1.hs")])
2021-12-09 15:56:33.028921291000 [65247(ThreadId 37)] ERROR APP - user error (<getModule> loaded module can not find from path. </home/edmund/.local/src/advent/2021/src/Day6/Lanternfish.hs> [("Main","/home/edmund/.local/src/advent/2021/src/Day8/part1.hs")])
2021-12-09 15:57:09.826468216000 [65540(ThreadId 37)] ERROR APP - user error (<getModule> loaded module can not find from path. </home/edmund/.local/src/advent/2021/src/Day6/Lanternfish.hs> [("Main","/home/edmund/.local/src/advent/2021/src/Day8/part1.hs")])
2021-12-09 15:58:24.945570657000 [65934(ThreadId 37)] ERROR APP - user error (<getModule> loaded module can not find from path. </home/edmund/.local/src/advent/2021/src/Day6/Lanternfish.hs> [("Main","/home/edmund/.local/src/advent/2021/src/Day8/part1.hs")])
